<?xml version="1.0" encoding="UTF-8" ?>
<testsuites name="vitest tests" tests="10" failures="0" errors="0" time="0.557">
    <testsuite name="src/jobs/backfill-transactions.test.ts" timestamp="2026-06-07T17:58:03.548Z" hostname="runnervm3jyl0" tests="2" failures="0" errors="0" skipped="0" time="0.008">
        <testcase classname="src/jobs/backfill-transactions.test.ts" name="backfillTransactions &gt; marks non-SimpleFin accounts as complete and skips fetching them" time="0.006">
            <system-out>
[Backfill] Starting account backfill run...
[Backfill] Marking 1 non-SimpleFin account(s) as complete: Excel Account
[Backfill] SimpleFin Checking: 2026-03-10 -&gt; 2026-06-07
[Backfill] SimpleFin Checking: complete
[Backfill] Account backfill run complete

            </system-out>
        </testcase>
        <testcase classname="src/jobs/backfill-transactions.test.ts" name="backfillTransactions &gt; imports transactions for SimpleFin accounts" time="0">
            <system-out>
[Backfill] Starting account backfill run...
[Backfill] SimpleFin Checking: 2026-01-16 -&gt; 2026-04-15
[Backfill] SimpleFin Checking: imported 1, next window ends 2026-01-15
[Backfill] Account backfill run complete

            </system-out>
        </testcase>
    </testsuite>
    <testsuite name="src/jobs/generate-reports.test.ts" timestamp="2026-06-07T17:58:03.554Z" hostname="runnervm3jyl0" tests="3" failures="0" errors="0" skipped="0" time="0.011">
        <testcase classname="src/jobs/generate-reports.test.ts" name="worker generate-reports job &gt; skips monthly report generation when OpenAI config is missing" time="0.004">
            <system-err>
[Report] Skipping: missing OpenAI config (OPENAI_API_KEY)

            </system-err>
        </testcase>
        <testcase classname="src/jobs/generate-reports.test.ts" name="worker generate-reports job &gt; generates a monthly report when config and data are available" time="0.005">
            <system-out>
[Report] Generating monthly report for 2026-05...
[Report] Monthly report for 2026-05 generated successfully

            </system-out>
        </testcase>
        <testcase classname="src/jobs/generate-reports.test.ts" name="worker generate-reports job &gt; captures account and manual asset values in net worth snapshots" time="0.001">
            <system-out>
[Snapshot] Taking net worth snapshot for 2026-06-07...
[Snapshot] Net worth: $1900.00 (Assets: $2200.00, Liabilities: $300.00)

            </system-out>
        </testcase>
    </testsuite>
    <testsuite name="src/jobs/import-transactions.test.ts" timestamp="2026-06-07T17:58:03.558Z" hostname="runnervm3jyl0" tests="1" failures="0" errors="0" skipped="0" time="0.007">
        <testcase classname="src/jobs/import-transactions.test.ts" name="importTransactions &gt; updates account balances without mutating loan metadata fields" time="0.006">
            <system-out>
[Import] Starting transaction import...
[Import] Imported 1 accounts, 1 transactions

            </system-out>
        </testcase>
    </testsuite>
    <testsuite name="src/jobs/update-goal-progress.test.ts" timestamp="2026-06-07T17:58:03.559Z" hostname="runnervm3jyl0" tests="2" failures="0" errors="0" skipped="0" time="0.003">
        <testcase classname="src/jobs/update-goal-progress.test.ts" name="updateGoalProgress &gt; exits when there are no active goals" time="0.002">
            <system-out>
[Goals] No active goals to update

            </system-out>
        </testcase>
        <testcase classname="src/jobs/update-goal-progress.test.ts" name="updateGoalProgress &gt; updates current amount and marks completed goals" time="0.001">
            <system-out>
[Goals] Updating progress for 2 active goal(s)
[Goals] &quot;Emergency&quot;: $550.00 / $500.00 (110.0%)
[Goals] 🎉 Goal &quot;Emergency&quot; completed!
[Goals] &quot;Vacation&quot;: $150.00 / $1000.00 (15.0%)

            </system-out>
        </testcase>
    </testsuite>
    <testsuite name="src/lib/account-types.test.ts" timestamp="2026-06-07T17:58:03.561Z" hostname="runnervm3jyl0" tests="2" failures="0" errors="0" skipped="0" time="0.002">
        <testcase classname="src/lib/account-types.test.ts" name="account type helpers &gt; classifies asset account types" time="0.001">
        </testcase>
        <testcase classname="src/lib/account-types.test.ts" name="account type helpers &gt; classifies liability account types" time="0">
        </testcase>
    </testsuite>
</testsuites>
