<?xml version="1.0" encoding="UTF-8" ?>
<testsuites name="vitest tests" tests="130" failures="0" errors="0" time="0.449642741">
    <testsuite name="src/lib/seed-categories.test.ts" timestamp="2026-06-07T17:57:55.770Z" hostname="runnervm3jyl0" tests="2" failures="0" errors="0" skipped="0" time="0.005141945">
        <testcase classname="src/lib/seed-categories.test.ts" name="seedDefaultCategoriesOnStartup &gt; skips seeding when categories already exist" time="0.001863882">
        </testcase>
        <testcase classname="src/lib/seed-categories.test.ts" name="seedDefaultCategoriesOnStartup &gt; seeds defaults when category table is empty" time="0.001891203">
            <system-out>
[Startup] No categories found, seeding defaults...

[Startup] Default categories seeded

            </system-out>
        </testcase>
    </testsuite>
    <testsuite name="src/lib/types.test.ts" timestamp="2026-06-07T17:57:55.771Z" hostname="runnervm3jyl0" tests="2" failures="0" errors="0" skipped="0" time="0.002068983">
        <testcase classname="src/lib/types.test.ts" name="decimalToNumber &gt; returns 0 for nullish values" time="0.000907704">
        </testcase>
        <testcase classname="src/lib/types.test.ts" name="decimalToNumber &gt; converts Decimal values to numbers" time="0.00028431">
        </testcase>
    </testsuite>
    <testsuite name="src/middleware/error-handler.test.ts" timestamp="2026-06-07T17:57:55.773Z" hostname="runnervm3jyl0" tests="2" failures="0" errors="0" skipped="0" time="0.005310219">
        <testcase classname="src/middleware/error-handler.test.ts" name="errorHandler &gt; returns app error status and payload" time="0.003544336">
        </testcase>
        <testcase classname="src/middleware/error-handler.test.ts" name="errorHandler &gt; returns internal error for non-AppError exceptions" time="0.000597755">
        </testcase>
    </testsuite>
    <testsuite name="src/middleware/validation.test.ts" timestamp="2026-06-07T17:57:55.773Z" hostname="runnervm3jyl0" tests="2" failures="0" errors="0" skipped="0" time="0.007303287">
        <testcase classname="src/middleware/validation.test.ts" name="validate middleware &gt; parses valid payload and calls next" time="0.003377764">
        </testcase>
        <testcase classname="src/middleware/validation.test.ts" name="validate middleware &gt; returns a 400 response for zod errors" time="0.002941563">
        </testcase>
    </testsuite>
    <testsuite name="src/prompts/pfs.test.ts" timestamp="2026-06-07T17:57:55.774Z" hostname="runnervm3jyl0" tests="8" failures="0" errors="0" skipped="0" time="0.004380372">
        <testcase classname="src/prompts/pfs.test.ts" name="buildPFSPrompt &gt; includes balance sheet figures" time="0.001481653">
        </testcase>
        <testcase classname="src/prompts/pfs.test.ts" name="buildPFSPrompt &gt; includes financial ratios" time="0.000314346">
        </testcase>
        <testcase classname="src/prompts/pfs.test.ts" name="buildPFSPrompt &gt; includes historical snapshots" time="0.000239923">
        </testcase>
        <testcase classname="src/prompts/pfs.test.ts" name="buildPFSPrompt &gt; includes liability details without PII" time="0.000266984">
        </testcase>
        <testcase classname="src/prompts/pfs.test.ts" name="buildPFSPrompt &gt; includes CPA role instruction" time="0.000204139">
        </testcase>
        <testcase classname="src/prompts/pfs.test.ts" name="buildPFSPrompt &gt; requests structured JSON response" time="0.000339404">
        </testcase>
        <testcase classname="src/prompts/pfs.test.ts" name="buildPFSPrompt &gt; handles empty historical snapshots" time="0.000147704">
        </testcase>
        <testcase classname="src/prompts/pfs.test.ts" name="buildPFSPrompt &gt; handles no liabilities" time="0.000128214">
        </testcase>
    </testsuite>
    <testsuite name="src/services/account.service.test.ts" timestamp="2026-06-07T17:57:55.775Z" hostname="runnervm3jyl0" tests="17" failures="0" errors="0" skipped="0" time="0.020240534">
        <testcase classname="src/services/account.service.test.ts" name="account.service &gt; maps account rows for getAllAccounts" time="0.002607859">
        </testcase>
        <testcase classname="src/services/account.service.test.ts" name="account.service &gt; returns null when getAccountById misses" time="0.001106385">
        </testcase>
        <testcase classname="src/services/account.service.test.ts" name="account.service &gt; maps account detail with recent transactions" time="0.000528119">
        </testcase>
        <testcase classname="src/services/account.service.test.ts" name="account.service &gt; updates an account balance and returns the refreshed detail" time="0.00166488">
        </testcase>
        <testcase classname="src/services/account.service.test.ts" name="account.service &gt; returns null when updating a missing account balance" time="0.000390391">
        </testcase>
        <testcase classname="src/services/account.service.test.ts" name="account.service &gt; updates institution for imported accounts" time="0.001738302">
        </testcase>
        <testcase classname="src/services/account.service.test.ts" name="account.service &gt; rejects institution updates for non-imported accounts" time="0.000616103">
        </testcase>
        <testcase classname="src/services/account.service.test.ts" name="account.service &gt; upserts loan details for liability accounts" time="0.002369017">
        </testcase>
        <testcase classname="src/services/account.service.test.ts" name="account.service &gt; rejects loan details updates for non-liability accounts" time="0.00056812">
        </testcase>
        <testcase classname="src/services/account.service.test.ts" name="account.service &gt; gets registered details with staleness" time="0.000493157">
        </testcase>
        <testcase classname="src/services/account.service.test.ts" name="account.service &gt; upserts registered details and validates contribution room totals" time="0.001044651">
        </testcase>
        <testcase classname="src/services/account.service.test.ts" name="account.service &gt; rejects RESP upsert when beneficiary fields are incomplete" time="0.000313906">
        </testcase>
        <testcase classname="src/services/account.service.test.ts" name="account.service &gt; gets credit card details with utilization warning" time="0.000426096">
        </testcase>
        <testcase classname="src/services/account.service.test.ts" name="account.service &gt; upserts credit card details and validates utilization range" time="0.00098416">
        </testcase>
        <testcase classname="src/services/account.service.test.ts" name="account.service &gt; creates a liability account without loan details" time="0.001907338">
        </testcase>
        <testcase classname="src/services/account.service.test.ts" name="account.service &gt; creates a LOAN account with loan details" time="0.001004481">
        </testcase>
        <testcase classname="src/services/account.service.test.ts" name="account.service &gt; rejects non-liability account types for manual creation" time="0.000926883">
        </testcase>
    </testsuite>
    <testsuite name="src/services/asset.service.test.ts" timestamp="2026-06-07T17:57:55.779Z" hostname="runnervm3jyl0" tests="8" failures="0" errors="0" skipped="0" time="0.009897415">
        <testcase classname="src/services/asset.service.test.ts" name="asset.service &gt; maps list and detail assets" time="0.002460185">
        </testcase>
        <testcase classname="src/services/asset.service.test.ts" name="asset.service &gt; creates, updates and deletes assets" time="0.002594458">
        </testcase>
        <testcase classname="src/services/asset.service.test.ts" name="asset.service &gt; adds valuation and computes aggregate value" time="0.000490953">
        </testcase>
        <testcase classname="src/services/asset.service.test.ts" name="asset.service &gt; creates asset with liability account link" time="0.001597438">
        </testcase>
        <testcase classname="src/services/asset.service.test.ts" name="asset.service &gt; rejects asset link to non-existent account" time="0.000903148">
        </testcase>
        <testcase classname="src/services/asset.service.test.ts" name="asset.service &gt; rejects asset link to non-liability account" time="0.000326254">
        </testcase>
        <testcase classname="src/services/asset.service.test.ts" name="asset.service &gt; updates asset to link/unlink liability account" time="0.000212602">
        </testcase>
        <testcase classname="src/services/asset.service.test.ts" name="asset.service &gt; allows unlinking asset from account by setting accountId to null" time="0.000194084">
        </testcase>
    </testsuite>
    <testsuite name="src/services/budget.service.test.ts" timestamp="2026-06-07T17:57:55.781Z" hostname="runnervm3jyl0" tests="4" failures="0" errors="0" skipped="0" time="0.009744203">
        <testcase classname="src/services/budget.service.test.ts" name="budget.service &gt; computes budget progress values including descendant categories" time="0.004979769">
        </testcase>
        <testcase classname="src/services/budget.service.test.ts" name="budget.service &gt; filters transactions by period range when periodParam is numeric months" time="0.001996943">
        </testcase>
        <testcase classname="src/services/budget.service.test.ts" name="budget.service &gt; filters transactions by period range when periodParam is &apos;all&apos;" time="0.00079988">
        </testcase>
        <testcase classname="src/services/budget.service.test.ts" name="budget.service &gt; delegates create/update/delete to prisma" time="0.001045333">
        </testcase>
    </testsuite>
    <testsuite name="src/services/category-rule.service.test.ts" timestamp="2026-06-07T17:57:55.782Z" hostname="runnervm3jyl0" tests="5" failures="0" errors="0" skipped="0" time="0.0061369">
        <testcase classname="src/services/category-rule.service.test.ts" name="category-rule.service &gt; lists category rules with pagination" time="0.001600603">
        </testcase>
        <testcase classname="src/services/category-rule.service.test.ts" name="category-rule.service &gt; deletes a category rule and unlinks transactions" time="0.001349533">
        </testcase>
        <testcase classname="src/services/category-rule.service.test.ts" name="category-rule.service &gt; throws when deleting a missing rule" time="0.000903969">
        </testcase>
        <testcase classname="src/services/category-rule.service.test.ts" name="category-rule.service &gt; creates a category rule" time="0.000576122">
        </testcase>
        <testcase classname="src/services/category-rule.service.test.ts" name="category-rule.service &gt; applies matching rules to uncategorized transactions" time="0.000748644">
        </testcase>
    </testsuite>
    <testsuite name="src/services/category.service.test.ts" timestamp="2026-06-07T17:57:55.783Z" hostname="runnervm3jyl0" tests="4" failures="0" errors="0" skipped="0" time="0.007095813">
        <testcase classname="src/services/category.service.test.ts" name="category.service &gt; returns nested categories" time="0.002673497">
        </testcase>
        <testcase classname="src/services/category.service.test.ts" name="category.service &gt; creates categories" time="0.001690158">
        </testcase>
        <testcase classname="src/services/category.service.test.ts" name="category.service &gt; updates an existing category" time="0.000815585">
        </testcase>
        <testcase classname="src/services/category.service.test.ts" name="category.service &gt; returns null when updating a missing category" time="0.000555481">
        </testcase>
    </testsuite>
    <testsuite name="src/services/dashboard.service.test.ts" timestamp="2026-06-07T17:57:55.783Z" hostname="runnervm3jyl0" tests="4" failures="0" errors="0" skipped="0" time="0.008464935">
        <testcase classname="src/services/dashboard.service.test.ts" name="dashboard.service &gt; computes dashboard summary totals" time="0.003168427">
        </testcase>
        <testcase classname="src/services/dashboard.service.test.ts" name="dashboard.service &gt; uses snapshots for trends when snapshot count is sufficient" time="0.001967578">
        </testcase>
        <testcase classname="src/services/dashboard.service.test.ts" name="dashboard.service &gt; falls back to transaction-derived trends when snapshots are sparse" time="0.00054854">
        </testcase>
        <testcase classname="src/services/dashboard.service.test.ts" name="dashboard.service &gt; groups spending by category including uncategorized and excluding non-expense transfers" time="0.001705161">
        </testcase>
    </testsuite>
    <testsuite name="src/services/expense-analysis.service.test.ts" timestamp="2026-06-07T17:57:55.784Z" hostname="runnervm3jyl0" tests="6" failures="0" errors="0" skipped="0" time="0.021798236">
        <testcase classname="src/services/expense-analysis.service.test.ts" name="expense-analysis.service &gt; normalizes noisy payee strings" time="0.001488123">
        </testcase>
        <testcase classname="src/services/expense-analysis.service.test.ts" name="expense-analysis.service &gt; detects recurring expenses and optimization opportunities" time="0.012425397">
        </testcase>
        <testcase classname="src/services/expense-analysis.service.test.ts" name="expense-analysis.service &gt; generates and persists expense analysis report" time="0.003863219">
        </testcase>
        <testcase classname="src/services/expense-analysis.service.test.ts" name="expense-analysis.service &gt; throws when OpenAI config is missing" time="0.00151268">
        </testcase>
        <testcase classname="src/services/expense-analysis.service.test.ts" name="expense-analysis.service &gt; returns existing report for current period instead of regenerating" time="0.000399294">
        </testcase>
        <testcase classname="src/services/expense-analysis.service.test.ts" name="expense-analysis.service &gt; overwrites existing report when requested" time="0.000859191">
        </testcase>
    </testsuite>
    <testsuite name="src/services/goal.service.test.ts" timestamp="2026-06-07T17:57:55.786Z" hostname="runnervm3jyl0" tests="4" failures="0" errors="0" skipped="0" time="0.010650124">
        <testcase classname="src/services/goal.service.test.ts" name="goal.service &gt; maps goal list and single goal" time="0.002558594">
        </testcase>
        <testcase classname="src/services/goal.service.test.ts" name="goal.service &gt; creates goal and calculates initial currentAmount from linked accounts" time="0.002736042">
        </testcase>
        <testcase classname="src/services/goal.service.test.ts" name="goal.service &gt; updates goal links and recalculates current amount" time="0.001538499">
        </testcase>
        <testcase classname="src/services/goal.service.test.ts" name="goal.service &gt; updates status, deletes goal and updates progress for active goals" time="0.002491312">
            <system-out>
[Goals] Goal &quot;Emergency fund&quot; completed! ($600.00 / $500.00)

            </system-out>
        </testcase>
    </testsuite>
    <testsuite name="src/services/holding.service.test.ts" timestamp="2026-06-07T17:57:55.787Z" hostname="runnervm3jyl0" tests="2" failures="0" errors="0" skipped="0" time="0.005707982">
        <testcase classname="src/services/holding.service.test.ts" name="holding.service &gt; returns holdings totals and account list" time="0.003056117">
        </testcase>
        <testcase classname="src/services/holding.service.test.ts" name="holding.service &gt; returns holdings history from snapshots when available" time="0.001504127">
        </testcase>
    </testsuite>
    <testsuite name="src/services/pfs.service.test.ts" timestamp="2026-06-07T17:57:55.787Z" hostname="runnervm3jyl0" tests="20" failures="0" errors="0" skipped="0" time="0.014185997">
        <testcase classname="src/services/pfs.service.test.ts" name="pfs.service &gt; mapAccountTypeToCPACategory &gt; maps checking to Cash &amp; Equivalents" time="0.00160548">
        </testcase>
        <testcase classname="src/services/pfs.service.test.ts" name="pfs.service &gt; mapAccountTypeToCPACategory &gt; maps savings to Cash &amp; Equivalents" time="0.000241786">
        </testcase>
        <testcase classname="src/services/pfs.service.test.ts" name="pfs.service &gt; mapAccountTypeToCPACategory &gt; maps investment to Marketable Securities" time="0.000167504">
        </testcase>
        <testcase classname="src/services/pfs.service.test.ts" name="pfs.service &gt; mapAccountTypeToCPACategory &gt; maps credit card to Short-Term Liabilities" time="0.000160383">
        </testcase>
        <testcase classname="src/services/pfs.service.test.ts" name="pfs.service &gt; mapAccountTypeToCPACategory &gt; maps loan to Long-Term Liabilities" time="0.00016545">
        </testcase>
        <testcase classname="src/services/pfs.service.test.ts" name="pfs.service &gt; mapAccountTypeToCPACategory &gt; maps mortgage to Real Estate Liabilities" time="0.000161565">
        </testcase>
        <testcase classname="src/services/pfs.service.test.ts" name="pfs.service &gt; mapAccountTypeToCPACategory &gt; maps unknown to Other Assets" time="0.000139682">
        </testcase>
        <testcase classname="src/services/pfs.service.test.ts" name="pfs.service &gt; mapAssetTypeToCPACategory &gt; maps real estate" time="0.000208666">
        </testcase>
        <testcase classname="src/services/pfs.service.test.ts" name="pfs.service &gt; mapAssetTypeToCPACategory &gt; maps stock to Marketable Securities" time="0.000156057">
        </testcase>
        <testcase classname="src/services/pfs.service.test.ts" name="pfs.service &gt; mapAssetTypeToCPACategory &gt; maps automobile to Personal Property" time="0.00017878">
        </testcase>
        <testcase classname="src/services/pfs.service.test.ts" name="pfs.service &gt; buildBalanceSheet &gt; aggregates accounts and manual assets into CPA categories" time="0.001012723">
        </testcase>
        <testcase classname="src/services/pfs.service.test.ts" name="pfs.service &gt; buildBalanceSheet &gt; handles empty inputs" time="0.000168505">
        </testcase>
        <testcase classname="src/services/pfs.service.test.ts" name="pfs.service &gt; buildBalanceSheet &gt; calculates correct percentages" time="0.000195926">
        </testcase>
        <testcase classname="src/services/pfs.service.test.ts" name="pfs.service &gt; calculateFinancialRatios &gt; calculates ratios correctly" time="0.000769425">
        </testcase>
        <testcase classname="src/services/pfs.service.test.ts" name="pfs.service &gt; calculateFinancialRatios &gt; handles zero income gracefully" time="0.000192572">
        </testcase>
        <testcase classname="src/services/pfs.service.test.ts" name="pfs.service &gt; buildAssetAllocation &gt; returns allocation with percentages" time="0.000863066">
        </testcase>
        <testcase classname="src/services/pfs.service.test.ts" name="pfs.service &gt; buildAssetAllocation &gt; returns empty for zero assets" time="0.000593819">
        </testcase>
        <testcase classname="src/services/pfs.service.test.ts" name="pfs.service &gt; generatePFS &gt; throws when OpenAI config is missing" time="0.001655447">
        </testcase>
        <testcase classname="src/services/pfs.service.test.ts" name="pfs.service &gt; generatePFS &gt; generates a full PFS report" time="0.003135798">
        </testcase>
        <testcase classname="src/services/pfs.service.test.ts" name="pfs.service &gt; generatePFS &gt; returns existing report for current period unless overwrite is requested" time="0.000437092">
        </testcase>
    </testsuite>
    <testsuite name="src/services/recategorization.service.test.ts" timestamp="2026-06-07T17:57:55.791Z" hostname="runnervm3jyl0" tests="4" failures="0" errors="0" skipped="0" time="0.006474647">
        <testcase classname="src/services/recategorization.service.test.ts" name="recategorization.service &gt; builds recategorization preview for matching past transactions" time="0.002023113">
        </testcase>
        <testcase classname="src/services/recategorization.service.test.ts" name="recategorization.service &gt; applies single-instance recategorization" time="0.001687228">
        </testcase>
        <testcase classname="src/services/recategorization.service.test.ts" name="recategorization.service &gt; applies past-and-future recategorization with rule upsert" time="0.000835695">
        </testcase>
        <testcase classname="src/services/recategorization.service.test.ts" name="recategorization.service &gt; rejects recurring scopes for unknown merchant keys" time="0.000723826">
        </testcase>
    </testsuite>
    <testsuite name="src/services/report.service.test.ts" timestamp="2026-06-07T17:57:55.792Z" hostname="runnervm3jyl0" tests="3" failures="0" errors="0" skipped="0" time="0.005446536">
        <testcase classname="src/services/report.service.test.ts" name="report.service &gt; returns paginated reports" time="0.002076624">
        </testcase>
        <testcase classname="src/services/report.service.test.ts" name="report.service &gt; returns report by id" time="0.000923067">
        </testcase>
        <testcase classname="src/services/report.service.test.ts" name="report.service &gt; deletes report by id" time="0.001127307">
        </testcase>
    </testsuite>
    <testsuite name="src/services/sync.service.test.ts" timestamp="2026-06-07T17:57:55.793Z" hostname="runnervm3jyl0" tests="2" failures="0" errors="0" skipped="0" time="0.003691188">
        <testcase classname="src/services/sync.service.test.ts" name="sync.service &gt; fetches latest sync" time="0.001760295">
        </testcase>
        <testcase classname="src/services/sync.service.test.ts" name="sync.service &gt; fetches sync history with limit" time="0.001052394">
        </testcase>
    </testsuite>
    <testsuite name="src/services/transaction-import.service.test.ts" timestamp="2026-06-07T17:57:55.794Z" hostname="runnervm3jyl0" tests="8" failures="0" errors="0" skipped="0" time="0.012729592">
        <testcase classname="src/services/transaction-import.service.test.ts" name="transaction-import.service &gt; throws validation error for empty files" time="0.002019638">
        </testcase>
        <testcase classname="src/services/transaction-import.service.test.ts" name="transaction-import.service &gt; maps parser failures to validation errors" time="0.001088839">
        </testcase>
        <testcase classname="src/services/transaction-import.service.test.ts" name="transaction-import.service &gt; imports into a new account with in-file and existing dedupe" time="0.004699225">
        </testcase>
        <testcase classname="src/services/transaction-import.service.test.ts" name="transaction-import.service &gt; imports into an existing account and does not create a new account" time="0.000931641">
        </testcase>
        <testcase classname="src/services/transaction-import.service.test.ts" name="transaction-import.service &gt; skips records that already exist on re-import" time="0.000637195">
        </testcase>
        <testcase classname="src/services/transaction-import.service.test.ts" name="transaction-import.service &gt; imports XLSX rows across multiple accounts discovered from the file" time="0.001378196">
        </testcase>
        <testcase classname="src/services/transaction-import.service.test.ts" name="transaction-import.service &gt; throws validation error when no destination is provided and the file has no account metadata" time="0.00038928">
        </testcase>
        <testcase classname="src/services/transaction-import.service.test.ts" name="transaction-import.service &gt; throws not found when importing into an unknown existing account" time="0.000457122">
        </testcase>
    </testsuite>
    <testsuite name="src/services/transaction.service.test.ts" timestamp="2026-06-07T17:57:55.797Z" hostname="runnervm3jyl0" tests="3" failures="0" errors="0" skipped="0" time="0.007272681">
        <testcase classname="src/services/transaction.service.test.ts" name="transaction.service &gt; returns paginated transactions with mapped amounts" time="0.004977797">
        </testcase>
        <testcase classname="src/services/transaction.service.test.ts" name="transaction.service &gt; builds filter category options including uncategorized" time="0.000547419">
        </testcase>
        <testcase classname="src/services/transaction.service.test.ts" name="transaction.service &gt; updates transaction category and marks as reviewed" time="0.000754202">
        </testcase>
    </testsuite>
    <testsuite name="src/services/trend-utils.test.ts" timestamp="2026-06-07T17:57:55.798Z" hostname="runnervm3jyl0" tests="7" failures="0" errors="0" skipped="0" time="0.005167664">
        <testcase classname="src/services/trend-utils.test.ts" name="deriveMonthCount &gt; uses explicit months when provided" time="0.001655817">
        </testcase>
        <testcase classname="src/services/trend-utils.test.ts" name="deriveMonthCount &gt; returns 0 when first transaction is missing" time="0.000177479">
        </testcase>
        <testcase classname="src/services/trend-utils.test.ts" name="deriveMonthCount &gt; derives month span from first transaction" time="0.000302958">
        </testcase>
        <testcase classname="src/services/trend-utils.test.ts" name="shouldUseSnapshots &gt; requires month span + 1 snapshot points" time="0.0002906">
        </testcase>
        <testcase classname="src/services/trend-utils.test.ts" name="shouldUseSnapshots &gt; falls back to inferred monthCount when months is not provided" time="0.000148214">
        </testcase>
        <testcase classname="src/services/trend-utils.test.ts" name="mapSnapshotsToTrendPoints &gt; maps snapshots to date/value points" time="0.000967214">
        </testcase>
        <testcase classname="src/services/trend-utils.test.ts" name="buildCumulativeMonthlyPoints &gt; builds cumulative monthly points from sorted transactions" time="0.000379685">
        </testcase>
    </testsuite>
    <testsuite name="src/routes/routes.integration.test.ts" timestamp="2026-06-07T17:57:55.805Z" hostname="runnervm3jyl0" tests="9" failures="0" errors="0" skipped="0" time="0.229493081">
        <testcase classname="src/routes/routes.integration.test.ts" name="API route integration &gt; handles account routes including not found" time="0.082289279">
        </testcase>
        <testcase classname="src/routes/routes.integration.test.ts" name="API route integration &gt; handles transaction routes with filters and patch validation" time="0.083956261">
        </testcase>
        <testcase classname="src/routes/routes.integration.test.ts" name="API route integration &gt; handles category rule routes" time="0.003534181">
        </testcase>
        <testcase classname="src/routes/routes.integration.test.ts" name="API route integration &gt; handles dashboard and holdings routes" time="0.005918817">
        </testcase>
        <testcase classname="src/routes/routes.integration.test.ts" name="API route integration &gt; handles budget, category, report and sync routes" time="0.021487892">
        </testcase>
        <testcase classname="src/routes/routes.integration.test.ts" name="API route integration &gt; handles assets and goals routes with validation and not found handling" time="0.018133043">
        </testcase>
        <testcase classname="src/routes/routes.integration.test.ts" name="API route integration &gt; handles manual liability account creation with and without loan details" time="0.004251346">
        </testcase>
        <testcase classname="src/routes/routes.integration.test.ts" name="API route integration &gt; rejects POST /api/accounts with non-liability account types" time="0.00146656">
        </testcase>
        <testcase classname="src/routes/routes.integration.test.ts" name="API route integration &gt; validates POST /api/accounts request payload" time="0.006749128">
        </testcase>
    </testsuite>
    <testsuite name="src/services/transaction-import/parsers.test.ts" timestamp="2026-06-07T17:57:55.807Z" hostname="runnervm3jyl0" tests="4" failures="0" errors="0" skipped="0" time="0.041240407">
        <testcase classname="src/services/transaction-import/parsers.test.ts" name="transaction import parsers &gt; parses CSV transactions with amount and debit/credit columns" time="0.01198843">
        </testcase>
        <testcase classname="src/services/transaction-import/parsers.test.ts" name="transaction import parsers &gt; parses OFX/QFX transactions and account metadata" time="0.002017985">
        </testcase>
        <testcase classname="src/services/transaction-import/parsers.test.ts" name="transaction import parsers &gt; throws for unsupported extensions" time="0.000719839">
        </testcase>
        <testcase classname="src/services/transaction-import/parsers.test.ts" name="transaction import parsers &gt; parses XLSX transaction files with per-row account metadata" time="0.024490117">
        </testcase>
    </testsuite>
</testsuites>
