<?xml version="1.0" encoding="UTF-8" ?>
<testsuites name="vitest tests" tests="64" failures="0" errors="0" time="4.628">
    <testsuite name="src/hooks/hooks.test.tsx" timestamp="2026-06-07T17:58:00.865Z" hostname="runnervm3jyl0" tests="9" failures="0" errors="0" skipped="0" time="0.452">
        <testcase classname="src/hooks/hooks.test.tsx" name="SPA hooks &gt; useAccounts loads accounts data" time="0.065">
        </testcase>
        <testcase classname="src/hooks/hooks.test.tsx" name="SPA hooks &gt; useDashboard loads dashboard datasets" time="0.055">
        </testcase>
        <testcase classname="src/hooks/hooks.test.tsx" name="SPA hooks &gt; useTransactions supports updating filters and pagination" time="0.056">
        </testcase>
        <testcase classname="src/hooks/hooks.test.tsx" name="SPA hooks &gt; useAssets supports CRUD operations" time="0.057">
        </testcase>
        <testcase classname="src/hooks/hooks.test.tsx" name="SPA hooks &gt; useBudgets supports refresh and mutation actions" time="0.054">
        </testcase>
        <testcase classname="src/hooks/hooks.test.tsx" name="SPA hooks &gt; useGoals supports CRUD and status updates" time="0.053">
        </testcase>
        <testcase classname="src/hooks/hooks.test.tsx" name="SPA hooks &gt; useHoldings loads holdings and history" time="0.053">
        </testcase>
        <testcase classname="src/hooks/hooks.test.tsx" name="SPA hooks &gt; useHoldings refresh reloads holdings and history" time="0.053">
        </testcase>
        <testcase classname="src/hooks/hooks.test.tsx" name="SPA hooks &gt; useIsMobile responds to current viewport width" time="0.003">
        </testcase>
    </testsuite>
    <testsuite name="src/hooks/use-toast.test.ts" timestamp="2026-06-07T17:58:00.867Z" hostname="runnervm3jyl0" tests="16" failures="0" errors="0" skipped="0" time="0.024">
        <testcase classname="src/hooks/use-toast.test.ts" name="use-toast &gt; reducer &gt; should add a toast" time="0.002">
        </testcase>
        <testcase classname="src/hooks/use-toast.test.ts" name="use-toast &gt; reducer &gt; should limit toasts to TOAST_LIMIT (1)" time="0">
        </testcase>
        <testcase classname="src/hooks/use-toast.test.ts" name="use-toast &gt; reducer &gt; should update a toast" time="0">
        </testcase>
        <testcase classname="src/hooks/use-toast.test.ts" name="use-toast &gt; reducer &gt; should dismiss a specific toast" time="0.001">
        </testcase>
        <testcase classname="src/hooks/use-toast.test.ts" name="use-toast &gt; reducer &gt; should dismiss all toasts when toastId is undefined" time="0">
        </testcase>
        <testcase classname="src/hooks/use-toast.test.ts" name="use-toast &gt; reducer &gt; should remove a specific toast" time="0">
        </testcase>
        <testcase classname="src/hooks/use-toast.test.ts" name="use-toast &gt; reducer &gt; should remove all toasts when toastId is undefined" time="0">
        </testcase>
        <testcase classname="src/hooks/use-toast.test.ts" name="use-toast &gt; reducer &gt; should not update non-matching toast" time="0.001">
        </testcase>
        <testcase classname="src/hooks/use-toast.test.ts" name="use-toast &gt; toast function &gt; should create a toast with auto-dismiss capability" time="0.001">
        </testcase>
        <testcase classname="src/hooks/use-toast.test.ts" name="use-toast &gt; toast function &gt; should allow dismissing a toast" time="0.001">
        </testcase>
        <testcase classname="src/hooks/use-toast.test.ts" name="use-toast &gt; toast function &gt; should allow updating a toast" time="0">
        </testcase>
        <testcase classname="src/hooks/use-toast.test.ts" name="use-toast &gt; useToast hook &gt; should return initial empty state" time="0.01">
        </testcase>
        <testcase classname="src/hooks/use-toast.test.ts" name="use-toast &gt; useToast hook &gt; should provide toast function" time="0.001">
        </testcase>
        <testcase classname="src/hooks/use-toast.test.ts" name="use-toast &gt; useToast hook &gt; should provide dismiss function" time="0.001">
        </testcase>
        <testcase classname="src/hooks/use-toast.test.ts" name="use-toast &gt; useToast hook &gt; should handle dismiss without toastId" time="0.003">
        </testcase>
        <testcase classname="src/hooks/use-toast.test.ts" name="use-toast &gt; useToast hook &gt; should handle dismiss with toastId" time="0.001">
        </testcase>
    </testsuite>
    <testsuite name="src/lib/api.test.ts" timestamp="2026-06-07T17:58:00.870Z" hostname="runnervm3jyl0" tests="15" failures="0" errors="0" skipped="0" time="0.014">
        <testcase classname="src/lib/api.test.ts" name="api client &gt; returns JSON data for successful requests" time="0.003">
        </testcase>
        <testcase classname="src/lib/api.test.ts" name="api client &gt; throws API error message for non-ok responses" time="0.002">
        </testcase>
        <testcase classname="src/lib/api.test.ts" name="api client &gt; returns undefined for 204 responses" time="0">
        </testcase>
        <testcase classname="src/lib/api.test.ts" name="api client &gt; serializes query params for endpoint helpers" time="0.001">
        </testcase>
        <testcase classname="src/lib/api.test.ts" name="api client &gt; submits transaction imports as multipart form data" time="0.001">
        </testcase>
        <testcase classname="src/lib/api.test.ts" name="api client &gt; patches account balances as JSON" time="0.001">
        </testcase>
        <testcase classname="src/lib/api.test.ts" name="api client &gt; patches imported account institution as JSON" time="0.001">
        </testcase>
        <testcase classname="src/lib/api.test.ts" name="api client &gt; patches account loan details as JSON" time="0">
        </testcase>
        <testcase classname="src/lib/api.test.ts" name="api client &gt; gets and patches account registered details as JSON" time="0.001">
        </testcase>
        <testcase classname="src/lib/api.test.ts" name="api client &gt; gets and patches account credit card details as JSON" time="0.001">
        </testcase>
        <testcase classname="src/lib/api.test.ts" name="api client &gt; posts expense analysis report generation" time="0">
        </testcase>
        <testcase classname="src/lib/api.test.ts" name="api client &gt; supports report deletion and PFS overwrite generation" time="0.001">
        </testcase>
        <testcase classname="src/lib/api.test.ts" name="api client &gt; supports transaction recategorization and previews" time="0">
        </testcase>
        <testcase classname="src/lib/api.test.ts" name="api client &gt; lists and deletes category rules" time="0">
        </testcase>
        <testcase classname="src/lib/api.test.ts" name="api client &gt; creates and updates categories" time="0.001">
        </testcase>
    </testsuite>
    <testsuite name="src/lib/formatters.test.ts" timestamp="2026-06-07T17:58:00.872Z" hostname="runnervm3jyl0" tests="4" failures="0" errors="0" skipped="0" time="0.005">
        <testcase classname="src/lib/formatters.test.ts" name="formatters &gt; formats currency and compact currency" time="0.001">
        </testcase>
        <testcase classname="src/lib/formatters.test.ts" name="formatters &gt; formats date and short date" time="0.001">
        </testcase>
        <testcase classname="src/lib/formatters.test.ts" name="formatters &gt; formats percent and change values" time="0.001">
        </testcase>
        <testcase classname="src/lib/formatters.test.ts" name="formatters &gt; returns account icons and category color classes" time="0.001">
        </testcase>
    </testsuite>
    <testsuite name="src/lib/utils.test.ts" timestamp="2026-06-07T17:58:00.873Z" hostname="runnervm3jyl0" tests="1" failures="0" errors="0" skipped="0" time="0.009">
        <testcase classname="src/lib/utils.test.ts" name="cn &gt; merges classes and keeps tailwind conflict resolution" time="0.007">
        </testcase>
    </testsuite>
    <testsuite name="src/components/budgets/BudgetCard.test.tsx" timestamp="2026-06-07T17:58:00.874Z" hostname="runnervm3jyl0" tests="1" failures="0" errors="0" skipped="0" time="0.054">
        <testcase classname="src/components/budgets/BudgetCard.test.tsx" name="BudgetCard &gt; renders budget details and supports edit/delete actions" time="0.052">
        </testcase>
    </testsuite>
    <testsuite name="src/components/goals/GoalCard.test.tsx" timestamp="2026-06-07T17:58:00.874Z" hostname="runnervm3jyl0" tests="1" failures="0" errors="0" skipped="0" time="0.034">
        <testcase classname="src/components/goals/GoalCard.test.tsx" name="GoalCard &gt; renders goal information and fires click callback" time="0.033">
        </testcase>
    </testsuite>
    <testsuite name="src/components/reports/PFSComponents.test.tsx" timestamp="2026-06-07T17:58:00.874Z" hostname="runnervm3jyl0" tests="10" failures="0" errors="0" skipped="0" time="0.169">
        <testcase classname="src/components/reports/PFSComponents.test.tsx" name="PFSExecutiveSummary &gt; renders net worth and key figures" time="0.069">
            <system-err>
The width(0) and height(0) of chart should be greater than 0,
       please check the style of container, or the props width(100%) and height(100%),
       or add a minWidth(0) or minHeight(undefined) or use aspect(undefined) to control the
       height and width.

            </system-err>
        </testcase>
        <testcase classname="src/components/reports/PFSComponents.test.tsx" name="PFSExecutiveSummary &gt; shows asset allocation categories" time="0.011">
            <system-err>
The width(0) and height(0) of chart should be greater than 0,
       please check the style of container, or the props width(100%) and height(100%),
       or add a minWidth(0) or minHeight(undefined) or use aspect(undefined) to control the
       height and width.

            </system-err>
        </testcase>
        <testcase classname="src/components/reports/PFSComponents.test.tsx" name="PFSExecutiveSummary &gt; shows net worth change indicator" time="0.011">
            <system-err>
The width(0) and height(0) of chart should be greater than 0,
       please check the style of container, or the props width(100%) and height(100%),
       or add a minWidth(0) or minHeight(undefined) or use aspect(undefined) to control the
       height and width.

            </system-err>
        </testcase>
        <testcase classname="src/components/reports/PFSComponents.test.tsx" name="PFSFinancialCondition &gt; renders balance sheet table" time="0.012">
        </testcase>
        <testcase classname="src/components/reports/PFSComponents.test.tsx" name="PFSFinancialCondition &gt; shows asset and liability categories" time="0.009">
        </testcase>
        <testcase classname="src/components/reports/PFSComponents.test.tsx" name="PFSNarrative &gt; renders overall CPA insight" time="0.012">
        </testcase>
        <testcase classname="src/components/reports/PFSComponents.test.tsx" name="PFSNarrative &gt; renders trend analysis" time="0.013">
        </testcase>
        <testcase classname="src/components/reports/PFSComponents.test.tsx" name="PFSNarrative &gt; renders solvency ratios" time="0.013">
        </testcase>
        <testcase classname="src/components/reports/PFSComponents.test.tsx" name="PFSNarrative &gt; renders debt strategy" time="0.009">
        </testcase>
        <testcase classname="src/components/reports/PFSComponents.test.tsx" name="PFSNarrative &gt; renders rebalancing warnings" time="0.009">
        </testcase>
    </testsuite>
    <testsuite name="src/components/transactions/CategoryBadge.test.tsx" timestamp="2026-06-07T17:58:00.876Z" hostname="runnervm3jyl0" tests="2" failures="0" errors="0" skipped="0" time="0.022">
        <testcase classname="src/components/transactions/CategoryBadge.test.tsx" name="CategoryBadge &gt; renders uncategorized label when category is null" time="0.015">
        </testcase>
        <testcase classname="src/components/transactions/CategoryBadge.test.tsx" name="CategoryBadge &gt; renders category name and triggers click handler" time="0.005">
        </testcase>
    </testsuite>
    <testsuite name="src/components/transactions/TransactionImportDialog.test.tsx" timestamp="2026-06-07T17:58:00.877Z" hostname="runnervm3jyl0" tests="3" failures="0" errors="0" skipped="0" time="0.683">
        <testcase classname="src/components/transactions/TransactionImportDialog.test.tsx" name="TransactionImportDialog &gt; submits an import to an existing account" time="0.267">
            <system-err>
Select is changing from uncontrolled to controlled. Components should not switch from controlled to uncontrolled (or vice versa). Decide between using a controlled or uncontrolled value for the lifetime of the component.

Select is changing from controlled to uncontrolled. Components should not switch from controlled to uncontrolled (or vice versa). Decide between using a controlled or uncontrolled value for the lifetime of the component.

            </system-err>
        </testcase>
        <testcase classname="src/components/transactions/TransactionImportDialog.test.tsx" name="TransactionImportDialog &gt; submits a new-account import with account details" time="0.303">
        </testcase>
        <testcase classname="src/components/transactions/TransactionImportDialog.test.tsx" name="TransactionImportDialog &gt; submits an Excel import using accounts discovered from the file" time="0.109">
        </testcase>
    </testsuite>
    <testsuite name="src/components/ui/date-picker.test.tsx" timestamp="2026-06-07T17:58:00.878Z" hostname="runnervm3jyl0" tests="2" failures="0" errors="0" skipped="0" time="0.032">
        <testcase classname="src/components/ui/date-picker.test.tsx" name="DatePicker &gt; supports typing a date through a labeled input" time="0.028">
        </testcase>
        <testcase classname="src/components/ui/date-picker.test.tsx" name="DatePicker &gt; renders the provided date value in the shared input field" time="0.004">
        </testcase>
    </testsuite>
</testsuites>
